\BOOKMARK [0][-]{chapter*.2}{\376\377\000L\000i\000s\000t\000\040\000o\000f\000\040\000T\000a\000b\000l\000e\000s}{}% 1
\BOOKMARK [0][-]{chapter*.3}{\376\377\000L\000i\000s\000t\000\040\000o\000f\000\040\000F\000i\000g\000u\000r\000e\000s}{}% 2
\BOOKMARK [0][-]{chapter.1}{\376\377\000I\000n\000t\000r\000o\000d\000u\000c\000t\000i\000o\000n}{}% 3
\BOOKMARK [1][-]{section.1.1}{\376\377\000D\000a\000t\000a\000\040\000A\000n\000a\000l\000y\000t\000i\000c\000s}{chapter.1}% 4
\BOOKMARK [1][-]{section.1.2}{\376\377\000D\000a\000t\000a\000\040\000A\000n\000a\000l\000y\000t\000i\000c\000s\000\040\000\046\000\040\000A\000c\000c\000o\000u\000n\000t\000a\000n\000c\000y}{chapter.1}% 5
\BOOKMARK [2][-]{subsection.1.2.1}{\376\377\000D\000a\000t\000a\000\040\000A\000n\000a\000l\000y\000t\000i\000c\000s\000\040\000i\000n\000\040\000F\000i\000n\000a\000n\000c\000i\000a\000l\000\040\000A\000c\000c\000o\000u\000n\000t\000i\000n\000g}{section.1.2}% 6
\BOOKMARK [2][-]{subsection.1.2.2}{\376\377\000D\000a\000t\000a\000\040\000A\000n\000a\000l\000y\000t\000i\000c\000s\000\040\000i\000n\000\040\000M\000a\000n\000a\000g\000e\000m\000e\000n\000t\000\040\000A\000c\000c\000o\000u\000n\000t\000i\000n\000g}{section.1.2}% 7
\BOOKMARK [2][-]{subsection.1.2.3}{\376\377\000D\000a\000t\000a\000\040\000A\000n\000a\000l\000y\000t\000i\000c\000s\000\040\000i\000n\000\040\000A\000u\000d\000i\000t\000i\000n\000g}{section.1.2}% 8
\BOOKMARK [0][-]{chapter.2}{\376\377\000R\000\040\000P\000r\000o\000g\000r\000a\000m\000m\000i\000n\000g\000\040\000-\000\040\000A\000\040\000G\000r\000e\000a\000t\000\040\000T\000o\000o\000l\000\040\000f\000o\000r\000\040\000D\000a\000t\000a\000\040\000S\000c\000i\000e\000n\000c\000e}{}% 9
\BOOKMARK [1][-]{section.2.1}{\376\377\000S\000t\000a\000r\000t\000i\000n\000g\000\040\000w\000i\000t\000h\000\040\000R\000\040\000P\000r\000o\000g\000r\000a\000m}{chapter.2}% 10
\BOOKMARK [2][-]{subsection.2.1.1}{\376\377\000I\000n\000s\000t\000a\000l\000l\000i\000n\000g\000\040\000R}{section.2.1}% 11
\BOOKMARK [2][-]{subsection.2.1.2}{\376\377\000I\000n\000s\000t\000a\000l\000l\000i\000n\000g\000\040\000R\000S\000t\000u\000d\000i\000o}{section.2.1}% 12
\BOOKMARK [1][-]{section.2.2}{\376\377\000D\000a\000t\000a\000\040\000A\000n\000a\000l\000y\000t\000i\000c\000s\000\040\000E\000c\000o\000s\000y\000s\000t\000e\000m\000\040\000i\000n\000\040\000R}{chapter.2}% 13
\BOOKMARK [0][-]{chapter.3}{\376\377\000G\000e\000t\000t\000i\000n\000g\000\040\000D\000a\000t\000a\000\040\000i\000n\000t\000o\000\040\000R}{}% 14
\BOOKMARK [1][-]{section.3.1}{\376\377\000P\000a\000c\000k\000a\000g\000e\000s\000\040\000T\000h\000a\000t\000\040\000C\000o\000u\000l\000d\000\040\000B\000e\000\040\000U\000s\000e\000d\000\040\000t\000o\000\040\000I\000m\000p\000o\000r\000t\000\040\000D\000a\000t\000a\000\040\000i\000n\000t\000o\000\040\000R\000.}{chapter.3}% 15
\BOOKMARK [1][-]{section.3.2}{\376\377\000K\000n\000o\000w\000i\000n\000g\000\040\000\046\000\040\000S\000e\000t\000t\000i\000n\000g\000\040\000Y\000o\000u\000r\000\040\000C\000u\000r\000r\000e\000n\000t\000\040\000\050\000W\000o\000r\000k\000i\000n\000g\000\051\000\040\000D\000i\000r\000e\000c\000t\000o\000r\000y}{chapter.3}% 16
\BOOKMARK [1][-]{section.3.3}{\376\377\000I\000m\000p\000o\000r\000t\000i\000n\000g\000\040\000D\000a\000t\000a\000\040\000i\000n\000t\000o\000\040\000R\000\040\000f\000r\000o\000m\000\040\000E\000x\000c\000e\000l}{chapter.3}% 17
\BOOKMARK [1][-]{section.3.4}{\376\377\000I\000m\000p\000o\000r\000t\000i\000n\000g\000\040\000D\000a\000t\000a\000\040\000i\000n\000t\000o\000\040\000R\000\040\000f\000r\000o\000m\000\040\000L\000o\000c\000a\000l\000\040\000D\000i\000r\000e\000c\000t\000o\000r\000y\000\040\000o\000f\000\040\000C\000o\000m\000p\000u\000t\000e\000r}{chapter.3}% 18
\BOOKMARK [1][-]{section.3.5}{\376\377\000I\000m\000p\000o\000r\000t\000i\000n\000g\000\040\000D\000a\000t\000a\000\040\000i\000n\000t\000o\000\040\000R\000\040\000f\000r\000o\000m\000\040\000I\000n\000t\000e\000r\000n\000e\000t}{chapter.3}% 19
\BOOKMARK [1][-]{section.3.6}{\376\377\000I\000m\000p\000o\000r\000t\000i\000n\000g\000\040\000D\000a\000t\000a\000\040\000i\000n\000t\000o\000\040\000R\000\040\000f\000r\000o\000m\000\040\000W\000R\000D\000S\000\040\000D\000a\000t\000a\000b\000a\000s\000e}{chapter.3}% 20
\BOOKMARK [1][-]{section.3.7}{\376\377\000S\000o\000m\000e\000\040\000O\000t\000h\000e\000r\000\040\000S\000o\000u\000r\000c\000e\000s}{chapter.3}% 21
\BOOKMARK [0][-]{chapter.4}{\376\377\000D\000a\000t\000a\000\040\000W\000r\000a\000n\000g\000l\000i\000n\000g}{}% 22
\BOOKMARK [1][-]{section.4.1}{\376\377\000t\000i\000d\000y\000\040\000d\000a\000t\000a}{chapter.4}% 23
\BOOKMARK [1][-]{section.4.2}{\376\377\000S\000a\000m\000e\000\040\000D\000a\000t\000a\000,\000\040\000b\000u\000t\000\040\000D\000i\000f\000f\000e\000r\000e\000n\000t\000\040\000F\000o\000r\000m\000a\000t\000s\000\040\000\050\000P\000r\000e\000s\000e\000n\000t\000a\000t\000i\000o\000n\000s\000\051}{chapter.4}% 24
\BOOKMARK [1][-]{section.4.3}{\376\377\000T\000i\000d\000y\000i\000n\000g\000\040\000M\000e\000s\000s\000y\000\040\000D\000a\000t\000a}{chapter.4}% 25
\BOOKMARK [2][-]{subsection.4.3.1}{\376\377\000C\000o\000l\000u\000m\000n\000\040\000H\000e\000a\000r\000d\000e\000r\000s\000\040\000a\000r\000e\000\040\000V\000a\000l\000u\000e\000s\000,\000\040\000n\000o\000t\000\040\000V\000a\000r\000i\000a\000b\000l\000e\000\040\000N\000a\000m\000e\000s}{section.4.3}% 26
\BOOKMARK [2][-]{subsection.4.3.2}{\376\377\000M\000u\000l\000t\000i\000p\000l\000e\000\040\000V\000a\000r\000i\000a\000b\000l\000e\000s\000\040\000a\000r\000e\000\040\000S\000t\000o\000r\000e\000d\000\040\000i\000n\000\040\000O\000n\000e\000\040\000C\000o\000l\000u\000m\000n}{section.4.3}% 27
\BOOKMARK [2][-]{subsection.4.3.3}{\376\377\000V\000a\000r\000i\000a\000b\000l\000e\000s\000\040\000a\000r\000e\000\040\000S\000t\000o\000r\000e\000d\000\040\000i\000n\000\040\000B\000o\000t\000h\000\040\000R\000o\000w\000s\000\040\000a\000n\000d\000\040\000C\000o\000l\000u\000m\000n\000s}{section.4.3}% 28
\BOOKMARK [2][-]{subsection.4.3.4}{\376\377\000M\000u\000l\000t\000i\000p\000l\000e\000\040\000T\000y\000p\000e\000s\000\040\000o\000f\000\040\000O\000b\000s\000e\000r\000v\000a\000t\000i\000o\000n\000a\000l\000\040\000U\000n\000i\000t\000s\000\040\000a\000r\000e\000\040\000S\000t\000o\000r\000e\000d\000\040\000i\000n\000\040\000t\000h\000e\000\040\000S\000a\000m\000e\000\040\000T\000a\000b\000l\000e}{section.4.3}% 29
\BOOKMARK [2][-]{subsection.4.3.5}{}{section.4.3}% 30
\BOOKMARK [1][-]{section.4.4}{\376\377\000t\000i\000d\000y\000r\000\040\000P\000a\000c\000k\000a\000g\000e\000\040\000f\000o\000r\000\040\000t\000i\000d\000y\000\040\000D\000a\000t\000a}{chapter.4}% 31
\BOOKMARK [2][-]{subsection.4.4.1}{\376\377\000p\000i\000v\000o\000t\000\137\000l\000o\000n\000g\000e\000r\000\040\000\050\000\051\000\040\000f\000u\000n\000c\000t\000i\000o\000n}{section.4.4}% 32
\BOOKMARK [2][-]{subsection.4.4.2}{\376\377\000p\000i\000v\000o\000t\000\137\000w\000i\000d\000e\000r\000\040\000\050\000\051\000\040\000f\000u\000n\000c\000t\000i\000o\000n}{section.4.4}% 33
\BOOKMARK [2][-]{subsection.4.4.3}{\376\377\000s\000e\000p\000a\000r\000a\000t\000e\000\040\000\050\000\051\000\040\000f\000u\000n\000c\000t\000i\000o\000n}{section.4.4}% 34
\BOOKMARK [2][-]{subsection.4.4.4}{\376\377\000e\000x\000t\000r\000a\000c\000t\000\040\000\050\000\051\000\040\000f\000u\000n\000c\000t\000i\000o\000n}{section.4.4}% 35
\BOOKMARK [0][-]{chapter.5}{\376\377\000E\000x\000p\000l\000o\000r\000a\000t\000o\000r\000y\000\040\000D\000a\000t\000a\000\040\000A\000n\000a\000l\000y\000s\000i\000s\000\040\000\050\000E\000D\000A\000\051}{}% 36
\BOOKMARK [1][-]{section.5.1}{\376\377\000t\000i\000d\000y\000v\000e\000r\000s\000e\000\040\000p\000a\000c\000k\000a\000g\000e\000\040\000i\000n\000\040\000R}{chapter.5}% 37
\BOOKMARK [1][-]{section.5.2}{\376\377\000d\000p\000l\000y\000r\000\040\000P\000a\000c\000k\000a\000g\000e\000\040\000-\000\040\000D\000a\000t\000a\000\040\000M\000a\000n\000i\000p\000u\000l\000a\000t\000i\000o\000n\000\040\000T\000o\000o\000l}{chapter.5}% 38
\BOOKMARK [1][-]{section.5.3}{\376\377\000D\000a\000t\000a\000\040\000S\000e\000t\000\040\000f\000o\000r\000\040\000C\000l\000a\000s\000s\000r\000o\000o\000m\000\040\000P\000r\000a\000c\000t\000i\000c\000e}{chapter.5}% 39
\BOOKMARK [1][-]{section.5.4}{\376\377\000A\000s\000s\000i\000g\000n\000m\000e\000n\000t\000\040\000<\000-\000\040\000\046\000\040\000P\000i\000p\000e\000\040\000\045\000>\000\045\000\040\000o\000p\000e\000r\000a\000t\000o\000r}{chapter.5}% 40
\BOOKMARK [1][-]{section.5.5}{\376\377\000M\000e\000t\000a\000\040\000D\000a\000t\000a\000\040\000-\000\040\000D\000a\000t\000a\000\040\000A\000b\000o\000u\000t\000\040\000D\000a\000t\000a}{chapter.5}% 41
\BOOKMARK [1][-]{section.5.6}{\376\377\000C\000h\000a\000n\000g\000i\000n\000g\000\040\000t\000h\000e\000\040\000t\000y\000p\000e\000\040\000o\000f\000\040\000t\000h\000e\000\040\000v\000a\000r\000i\000a\000b\000l\000e}{chapter.5}% 42
\BOOKMARK [1][-]{section.5.7}{\376\377\000c\000o\000u\000n\000t\000\050\000\051\000\040\000f\000u\000n\000c\000t\000i\000o\000n}{chapter.5}% 43
\BOOKMARK [1][-]{section.5.8}{\376\377\0001\000s\000t\000\040\000\050\000F\000i\000r\000s\000t\000\051\000\040\000v\000e\000r\000b\000\040\000-\000\040\000s\000e\000l\000e\000c\000t\000\040\000\050\000\051}{chapter.5}% 44
\BOOKMARK [1][-]{section.5.9}{\376\377\0002\000n\000d\000\040\000\050\000S\000e\000c\000o\000n\000d\000\051\000\040\000v\000e\000r\000b\000\040\000-\000\040\000f\000i\000l\000t\000e\000r\000\040\000\050\000\051}{chapter.5}% 45
\BOOKMARK [1][-]{section.5.10}{\376\377\0003\000r\000d\000\040\000\050\000T\000h\000i\000r\000d\000\051\000\040\000v\000e\000r\000b\000\040\000-\000\040\000a\000r\000r\000a\000n\000g\000e\000\040\000\050\000\051}{chapter.5}% 46
\BOOKMARK [1][-]{section.5.11}{\376\377\0004\000t\000h\000\040\000\050\000F\000o\000u\000r\000t\000h\000\051\000\040\000v\000e\000r\000b\000\040\000-\000\040\000m\000u\000t\000a\000t\000e\000\040\000\050\000\051}{chapter.5}% 47
\BOOKMARK [1][-]{section.5.12}{\376\377\0005\000t\000h\000\040\000\050\000F\000i\000f\000t\000h\000\051\000\040\000v\000e\000r\000b\000\040\000-\000\040\000s\000u\000m\000m\000a\000r\000i\000z\000e\000\040\000\050\000\051}{chapter.5}% 48
\BOOKMARK [1][-]{section.5.13}{\376\377\0006\000t\000h\000\040\000\050\000S\000i\000x\000t\000h\000\051\000\040\000v\000e\000r\000b\000\040\000-\000\040\000g\000r\000o\000u\000p\000\137\000b\000y\000\040\000\050\000\051}{chapter.5}% 49
\BOOKMARK [0][-]{chapter.6}{\376\377\000D\000a\000t\000a\000\040\000V\000i\000s\000u\000a\000l\000i\000z\000a\000t\000i\000o\000n}{}% 50
\BOOKMARK [1][-]{section.6.1}{\376\377\000g\000g\000p\000l\000o\000t\0002\000\040\000\050\000\051\000\040\000P\000a\000c\000k\000a\000g\000e\000\040\000-\000\040\000D\000a\000t\000a\000\040\000V\000i\000s\000u\000a\000l\000i\000z\000a\000t\000i\000o\000n\000\040\000T\000o\000o\000l}{chapter.6}% 51
\BOOKMARK [1][-]{section.6.2}{\376\377\000S\000c\000a\000t\000t\000e\000r\000\040\000P\000l\000o\000t}{chapter.6}% 52
\BOOKMARK [1][-]{section.6.3}{\376\377\000L\000i\000n\000e\000\040\000P\000l\000o\000t}{chapter.6}% 53
\BOOKMARK [1][-]{section.6.4}{\376\377\000B\000a\000r\000\040\000P\000l\000o\000t}{chapter.6}% 54
\BOOKMARK [1][-]{section.6.5}{\376\377\000B\000o\000x\000\040\000P\000l\000o\000t}{chapter.6}% 55
\BOOKMARK [0][-]{chapter.7}{\376\377\000D\000a\000t\000a\000\040\000M\000o\000d\000e\000l\000i\000n\000g}{}% 56
\BOOKMARK [0][-]{chapter.8}{\376\377\000C\000o\000m\000m\000u\000n\000i\000c\000a\000t\000i\000o\000n\000\040\000o\000f\000\040\000A\000n\000a\000l\000y\000t\000i\000c\000s\000:\000\040\000A\000n\000\040\000R\000m\000a\000r\000k\000d\000o\000w\000n\000\040\000A\000p\000p\000r\000o\000a\000c\000h}{}% 57
\BOOKMARK [1][-]{section.8.1}{\376\377\000W\000h\000a\000t\000\040\000i\000s\000\040\000R\000m\000a\000r\000k\000d\000o\000w\000n}{chapter.8}% 58
\BOOKMARK [0][-]{chapter.9}{\376\377\000C\000o\000m\000m\000u\000n\000i\000c\000a\000t\000i\000o\000n\000\040\000o\000f\000\040\000A\000n\000a\000l\000y\000t\000i\000c\000s\000:\000\040\000A\000\040\000S\000h\000i\000n\000y\000\040\000A\000p\000p\000r\000o\000a\000c\000h}{}% 59
\BOOKMARK [1][-]{section.9.1}{\376\377\000I\000n\000t\000r\000o\000d\000u\000c\000t\000i\000o\000n\000\040\000t\000o\000\040\000R\000\040\000S\000h\000i\000n\000y}{chapter.9}% 60
\BOOKMARK [0][-]{chapter.10}{\376\377\000C\000o\000n\000c\000l\000u\000s\000i\000o\000n}{}% 61
\BOOKMARK [0][-]{chapter.10}{\376\377\000A\000p\000p\000e\000n\000d\000i\000x}{}% 62
\BOOKMARK [0][-]{appendix*.11}{\376\377\000A\000p\000p\000e\000n\000d\000i\000x\000\040\000A}{}% 63
\BOOKMARK [1][-]{section.Alph0.1}{\376\377\000B\000a\000s\000i\000c\000\040\000D\000a\000t\000a\000\040\000S\000t\000r\000u\000c\000t\000u\000r\000e\000\040\000i\000n\000\040\000R}{appendix*.11}% 64
\BOOKMARK [0][-]{appendix*.12}{\376\377\000A\000p\000p\000e\000n\000d\000i\000x\000\040\000B}{}% 65
\BOOKMARK [1][-]{section.Alph0.2}{\376\377\000S\000t\000a\000r\000t\000i\000n\000g\000\040\000a\000\040\000P\000r\000o\000j\000e\000c\000t\000\040\000i\000n\000\040\000R}{appendix*.12}% 66
\BOOKMARK [1][-]{section.Alph0.3}{\376\377\000T\000e\000x\000t\000\040\000M\000i\000n\000i\000n\000g\000\040\000i\000n\000\040\000R}{appendix*.12}% 67
\BOOKMARK [1][-]{section.Alph0.4}{\376\377\000S\000o\000c\000i\000a\000l\000\040\000M\000e\000d\000i\000a\000\040\000A\000n\000a\000l\000y\000t\000i\000c\000s\000\040\000i\000n\000\040\000R}{appendix*.12}% 68
\BOOKMARK [1][-]{section.Alph0.5}{\376\377\000W\000e\000b\000\040\000S\000c\000r\000a\000p\000p\000i\000n\000g\000\040\000U\000s\000i\000n\000g\000\040\000R}{appendix*.12}% 69
\BOOKMARK [1][-]{section.Alph0.6}{\376\377\000B\000i\000g\000\040\000D\000a\000t\000a\000\040\000i\000n\000\040\000R\000\040\000w\000i\000t\000h\000\040\000s\000p\000a\000r\000k\000l\000y\000r}{appendix*.12}% 70
\BOOKMARK [0][-]{appendix*.13}{\376\377\000B\000i\000b\000l\000i\000o\000g\000r\000a\000p\000h\000y}{}% 71
